Determining if the pthread_create exist failed with the following output:
Change Dir: /home/elena/GradoInformatica/Tercero/2Cuatrimestre/TSI/Practicas/random_walk/build/CMakeFiles/CMakeTmp

Run Build Command:"/usr/bin/make" "cmTC_f4cab/fast"
/usr/bin/make -f CMakeFiles/cmTC_f4cab.dir/build.make CMakeFiles/cmTC_f4cab.dir/build
make[1]: se entra en el directorio '/home/elena/GradoInformatica/Tercero/2Cuatrimestre/TSI/Practicas/random_walk/build/CMakeFiles/CMakeTmp'
Building C object CMakeFiles/cmTC_f4cab.dir/CheckSymbolExists.c.o
/usr/bin/cc     -o CMakeFiles/cmTC_f4cab.dir/CheckSymbolExists.c.o   -c /home/elena/GradoInformatica/Tercero/2Cuatrimestre/TSI/Practicas/random_walk/build/CMakeFiles/CMakeTmp/CheckSymbolExists.c
Linking C executable cmTC_f4cab
/usr/bin/cmake -E cmake_link_script CMakeFiles/cmTC_f4cab.dir/link.txt --verbose=1
/usr/bin/cc       CMakeFiles/cmTC_f4cab.dir/CheckSymbolExists.c.o  -o cmTC_f4cab -rdynamic 
CMakeFiles/cmTC_f4cab.dir/CheckSymbolExists.c.o: En la función `main':
CheckSymbolExists.c:(.text+0x16): referencia a `pthread_create' sin definir
collect2: error: ld returned 1 exit status
CMakeFiles/cmTC_f4cab.dir/build.make:97: fallo en las instrucciones para el objetivo 'cmTC_f4cab'
make[1]: *** [cmTC_f4cab] Error 1
make[1]: se sale del directorio '/home/elena/GradoInformatica/Tercero/2Cuatrimestre/TSI/Practicas/random_walk/build/CMakeFiles/CMakeTmp'
Makefile:126: fallo en las instrucciones para el objetivo 'cmTC_f4cab/fast'
make: *** [cmTC_f4cab/fast] Error 2

File /home/elena/GradoInformatica/Tercero/2Cuatrimestre/TSI/Practicas/random_walk/build/CMakeFiles/CMakeTmp/CheckSymbolExists.c:
/* */
#include <pthread.h>

int main(int argc, char** argv)
{
  (void)argv;
#ifndef pthread_create
  return ((int*)(&pthread_create))[argc];
#else
  (void)argc;
  return 0;
#endif
}

Determining if the function pthread_create exists in the pthreads failed with the following output:
Change Dir: /home/elena/GradoInformatica/Tercero/2Cuatrimestre/TSI/Practicas/random_walk/build/CMakeFiles/CMakeTmp

Run Build Command:"/usr/bin/make" "cmTC_e1cd0/fast"
/usr/bin/make -f CMakeFiles/cmTC_e1cd0.dir/build.make CMakeFiles/cmTC_e1cd0.dir/build
make[1]: se entra en el directorio '/home/elena/GradoInformatica/Tercero/2Cuatrimestre/TSI/Practicas/random_walk/build/CMakeFiles/CMakeTmp'
Building C object CMakeFiles/cmTC_e1cd0.dir/CheckFunctionExists.c.o
/usr/bin/cc    -DCHECK_FUNCTION_EXISTS=pthread_create   -o CMakeFiles/cmTC_e1cd0.dir/CheckFunctionExists.c.o   -c /usr/share/cmake-3.5/Modules/CheckFunctionExists.c
Linking C executable cmTC_e1cd0
/usr/bin/cmake -E cmake_link_script CMakeFiles/cmTC_e1cd0.dir/link.txt --verbose=1
/usr/bin/cc   -DCHECK_FUNCTION_EXISTS=pthread_create    CMakeFiles/cmTC_e1cd0.dir/CheckFunctionExists.c.o  -o cmTC_e1cd0 -rdynamic -lpthreads 
/usr/bin/ld: no se puede encontrar -lpthreads
collect2: error: ld returned 1 exit status
CMakeFiles/cmTC_e1cd0.dir/build.make:97: fallo en las instrucciones para el objetivo 'cmTC_e1cd0'
make[1]: *** [cmTC_e1cd0] Error 1
make[1]: se sale del directorio '/home/elena/GradoInformatica/Tercero/2Cuatrimestre/TSI/Practicas/random_walk/build/CMakeFiles/CMakeTmp'
Makefile:126: fallo en las instrucciones para el objetivo 'cmTC_e1cd0/fast'
make: *** [cmTC_e1cd0/fast] Error 2


